c:\users\pedro_pc\desktop\lapr5_3semana\walk the maze\walk the maze\debug\walk the maze\vc120.pdb
c:\users\pedro_pc\desktop\lapr5_3semana\walk the maze\walk the maze\debug\walk the maze\vc120.idb
c:\users\pedro_pc\desktop\lapr5_3semana\walk the maze\walk the maze\debug\walk the maze\callservices.obj
c:\users\pedro_pc\desktop\lapr5_3semana\walk the maze\walk the maze\debug\walk the maze\grafos.obj
c:\users\pedro_pc\desktop\lapr5_3semana\walk the maze\walk the maze\debug\walk the maze\labirinto.obj
c:\users\pedro_pc\desktop\lapr5_3semana\walk the maze\walk the maze\debug\walk the maze\main.obj
c:\users\pedro_pc\desktop\lapr5_3semana\walk the maze\walk the maze\debug\walk the maze\math.obj
c:\users\pedro_pc\desktop\lapr5_3semana\walk the maze\walk the maze\debug\walk the maze\mdlviewer.obj
c:\users\pedro_pc\desktop\lapr5_3semana\walk the maze\walk the maze\debug\walk the maze\studio_render.obj
c:\users\pedro_pc\desktop\lapr5_3semana\walk the maze\walk the maze\debug\walk the maze\studio_utils.obj
c:\users\pedro_pc\desktop\lapr5_3semana\walk the maze\walk the maze\debug\walk the maze\readjpeg.obj
c:\users\pedro_pc\desktop\lapr5_3semana\walk the maze\walk the maze\debug\walk the maze\schemas.microsoft.com.2003.10.serialization.xsd.obj
c:\users\pedro_pc\desktop\lapr5_3semana\walk the maze\walk the maze\debug\walk the maze\tempuri.org.wsdl.obj
c:\users\pedro_pc\desktop\lapr5_3semana\walk the maze\walk the maze\debug\walk the maze\tempuri.org.xsd.obj
c:\users\pedro_pc\desktop\lapr5_3semana\walk the maze\debug\walk the maze.ilk
c:\users\pedro_pc\desktop\lapr5_3semana\walk the maze\debug\walk the maze.exe
c:\users\pedro_pc\desktop\lapr5_3semana\walk the maze\debug\walk the maze.pdb
c:\users\pedro_pc\desktop\lapr5_3semana\walk the maze\walk the maze\debug\walk the maze\walk the maze.tlog\cl.command.1.tlog
c:\users\pedro_pc\desktop\lapr5_3semana\walk the maze\walk the maze\debug\walk the maze\walk the maze.tlog\cl.read.1.tlog
c:\users\pedro_pc\desktop\lapr5_3semana\walk the maze\walk the maze\debug\walk the maze\walk the maze.tlog\cl.write.1.tlog
c:\users\pedro_pc\desktop\lapr5_3semana\walk the maze\walk the maze\debug\walk the maze\walk the maze.tlog\link.command.1.tlog
c:\users\pedro_pc\desktop\lapr5_3semana\walk the maze\walk the maze\debug\walk the maze\walk the maze.tlog\link.read.1.tlog
c:\users\pedro_pc\desktop\lapr5_3semana\walk the maze\walk the maze\debug\walk the maze\walk the maze.tlog\link.write.1.tlog
